<?xml version="1.0" encoding="utf-8"?><testsuites name="pytest tests"><testsuite name="pytest" errors="0" failures="0" skipped="0" tests="6" time="1.896" timestamp="2026-07-13T17:02:45.385398+00:00" hostname="agent-env-8ef6df51-7882-4814-af84-8a6fb7429325"><testcase classname="tests.test_live_refactor" name="test_matches_list_ok" time="0.268" /><testcase classname="tests.test_live_refactor" name="test_match_detail_endpoints" time="0.457" /><testcase classname="tests.test_live_refactor" name="test_narration_no_rinku_hardcoding" time="0.000" /><testcase classname="tests.test_live_refactor" name="test_kohli_career_rating" time="0.195" /><testcase classname="tests.test_live_refactor" name="test_bumrah_career_rating" time="0.222" /><testcase classname="tests.test_live_refactor" name="test_player_detail_has_career_avg_rating" time="0.423" /></testsuite></testsuites>