<?xml version="1.0" encoding="utf-8"?><testsuites name="pytest tests"><testsuite name="pytest" errors="0" failures="2" skipped="0" tests="22" time="59.133" timestamp="2026-07-13T17:35:41.480373+00:00" hostname="agent-env-8ef6df51-7882-4814-af84-8a6fb7429325"><testcase classname="tests.test_narration_m5" name="test_narration_shape[1359487]" time="0.337" /><testcase classname="tests.test_narration_m5" name="test_narration_shape[1359542]" time="0.139" /><testcase classname="tests.test_narration_m5" name="test_narration_shape[1082591]" time="0.157" /><testcase classname="tests.test_narration_m5" name="test_narration_shape[1535465]" time="0.147" /><testcase classname="tests.test_narration_m5" name="test_narration_shape[1082596]" time="0.186" /><testcase classname="tests.test_narration_m5" name="test_archetype[1359487-expected0]" time="0.142" /><testcase classname="tests.test_narration_m5" name="test_archetype[1359542-expected1]" time="0.101" /><testcase classname="tests.test_narration_m5" name="test_archetype[1535465-expected2]" time="0.107" /><testcase classname="tests.test_narration_m5" name="test_archetype[1082596-expected3]" time="0.162" /><testcase classname="tests.test_narration_m5" name="test_archetype[1178426-expected4]" time="0.133" /><testcase classname="tests.test_narration_m5" name="test_grounding_invariant[1359487]" time="19.666" /><testcase classname="tests.test_narration_m5" name="test_grounding_invariant[1359542]" time="18.438" /><testcase classname="tests.test_narration_m5" name="test_grounding_invariant[1535465]" time="17.662" /><testcase classname="tests.test_narration_m5" name="test_banned_words[1359487]" time="0.160" /><testcase classname="tests.test_narration_m5" name="test_banned_words[1359542]" time="0.112"><failure message="AssertionError: [1359542] banned word 'poor' in: N Pooran's rating of 10.0 reflects 58 runs off 30 balls, weighted toward the middle overs (including 3 sixes in that phase).&#10;assert 'poor' not in &quot;n pooran's ...that phase).&quot;&#10;  &#10;  'poor' is contained here:&#10;    n pooran's rating of 10.0 reflects 58 runs off 30 balls, weighted toward the middle overs (including 3 sixes in that phase).&#10;  ?   ++++">backend/tests/test_narration_m5.py:124: in test_banned_words
    assert b not in low, f"[{mid}] banned word '{b}' in: {s}"
E   AssertionError: [1359542] banned word 'poor' in: N Pooran's rating of 10.0 reflects 58 runs off 30 balls, weighted toward the middle overs (including 3 sixes in that phase).
E   assert 'poor' not in "n pooran's ...that phase)."
E     
E     'poor' is contained here:
E       n pooran's rating of 10.0 reflects 58 runs off 30 balls, weighted toward the middle overs (including 3 sixes in that phase).
E     ?   ++++</failure></testcase><testcase classname="tests.test_narration_m5" name="test_banned_words[1535465]" time="0.115" /><testcase classname="tests.test_narration_m5" name="test_cache_and_refresh" time="0.342" /><testcase classname="tests.test_narration_m5" name="test_matches_list_has_verdict_archetype" time="0.110" /><testcase classname="tests.test_narration_m5" name="test_featured_has_cached_verdict" time="0.103"><failure message="AssertionError: 1359487 has no cached verdict on list: {'match_id': '1359487', 'season': '2023', 'date': '2023-04-09', 'teams': ['Gujarat Titans', 'Kolkata Knight Riders'], 'team_short': ['GT', 'KKR'], 'venue': 'Narendra Modi Stadium, Ahmedabad', 'city': 'Ahmedabad', 'status': 'time_machine', 'featured': True, 'curation_slug': 'rinku-5-sixes', 'curation_title': &quot;Rinku's 5 Sixes&quot;, 'curation_hook': 'KKR needed 29 off the last over. Watch every rating shift, ball by ball.', 'result_summary': 'KKR won by 3 wickets', 'final_score': 'GT 204 — KKR 207', 'ball_count': 250, 'total_impact': 6.4687, 'has_dls': False, 'has_super_over': False, 'verdict': None, 'archetype': None}&#10;assert None">backend/tests/test_narration_m5.py:157: in test_featured_has_cached_verdict
    assert m1["verdict"], f"1359487 has no cached verdict on list: {m1}"
E   AssertionError: 1359487 has no cached verdict on list: {'match_id': '1359487', 'season': '2023', 'date': '2023-04-09', 'teams': ['Gujarat Titans', 'Kolkata Knight Riders'], 'team_short': ['GT', 'KKR'], 'venue': 'Narendra Modi Stadium, Ahmedabad', 'city': 'Ahmedabad', 'status': 'time_machine', 'featured': True, 'curation_slug': 'rinku-5-sixes', 'curation_title': "Rinku's 5 Sixes", 'curation_hook': 'KKR needed 29 off the last over. Watch every rating shift, ball by ball.', 'result_summary': 'KKR won by 3 wickets', 'final_score': 'GT 204 — KKR 207', 'ball_count': 250, 'total_impact': 6.4687, 'has_dls': False, 'has_super_over': False, 'verdict': None, 'archetype': None}
E   assert None</failure></testcase><testcase classname="tests.test_narration_m5" name="test_1359487_content" time="0.136" /><testcase classname="tests.test_narration_m5" name="test_1359542_1_run" time="0.148" /><testcase classname="tests.test_narration_m5" name="test_1535465_bowling" time="0.152" /></testsuite></testsuites>