<?xml version="1.0" encoding="utf-8"?><testsuites name="pytest tests"><testsuite name="pytest" errors="0" failures="1" skipped="0" tests="6" time="2.187" timestamp="2026-07-02T19:10:49.262080+00:00" hostname="agent-env-8ef6df51-7882-4814-af84-8a6fb7429325"><testcase classname="tests.test_whysheet_fix" name="test_matches_list" time="0.323"><failure message="AssertionError: assert (False)&#10; +  where False = isinstance({'matches': [{'match_id': '1535465', 'season': '2026', 'date': '2026-05-31', 'teams': ['Gujarat Titans', 'Royal Challengers Bengaluru'], ...}, {'match_id': '1535464', 'season': '2026', 'date': '2026-05-29', 'teams': ['Rajasthan Royals', 'Gujarat Titans'], ...}, {'match_id': '1535463', 'season': '2026', 'date': '2026-05-27', 'teams': ['Rajasthan Royals', 'Sunrisers Hyderabad'], ...}, {'match_id': '1535462', 'season': '2026', 'date': '2026-05-26', 'teams': ['Royal Challengers Bengaluru', 'Gujarat Titans'], ...}, {'match_id': '1529312', 'season': '2026', 'date': '2026-05-24', 'teams': ['Rajasthan Royals', 'Mumbai Indians'], ...}], 'total': 1243}, list)">backend/tests/test_whysheet_fix.py:31: in test_matches_list
    assert isinstance(data, list) and len(data) &gt; 0
E   AssertionError: assert (False)
E    +  where False = isinstance({'matches': [{'match_id': '1535465', 'season': '2026', 'date': '2026-05-31', 'teams': ['Gujarat Titans', 'Royal Challengers Bengaluru'], ...}, {'match_id': '1535464', 'season': '2026', 'date': '2026-05-29', 'teams': ['Rajasthan Royals', 'Gujarat Titans'], ...}, {'match_id': '1535463', 'season': '2026', 'date': '2026-05-27', 'teams': ['Rajasthan Royals', 'Sunrisers Hyderabad'], ...}, {'match_id': '1535462', 'season': '2026', 'date': '2026-05-26', 'teams': ['Royal Challengers Bengaluru', 'Gujarat Titans'], ...}, {'match_id': '1529312', 'season': '2026', 'date': '2026-05-24', 'teams': ['Rajasthan Royals', 'Mumbai Indians'], ...}], 'total': 1243}, list)</failure></testcase><testcase classname="tests.test_whysheet_fix" name="test_state_ball_id_format[1535465]" time="0.127" /><testcase classname="tests.test_whysheet_fix" name="test_state_ball_id_format[1359487]" time="0.127" /><testcase classname="tests.test_whysheet_fix" name="test_rating_breakdown_with_and_without_ball[1535465]" time="0.340" /><testcase classname="tests.test_whysheet_fix" name="test_rating_breakdown_with_and_without_ball[1359487]" time="0.362" /><testcase classname="tests.test_whysheet_fix" name="test_historical_match_state_renders" time="0.110" /></testsuite></testsuites>